<?xml version="1.0" encoding="UTF-8"?>
<!-- Generated by org.testng.reporters.JUnitReportReporter -->
<testsuite hostname="Ankit" failures="0" tests="1" name="Test.PB_TC_1010_ValidateTest" time="25.953" errors="0" timestamp="2023-07-01T21:03:22 IST" skipped="0">
  <testcase classname="Test.PB_TC_1010_ValidateTest" name="validateUserName" time="25.953">
    <system-out>
      <![CDATA[thisvalidateUserName method is started
reading data namefrom property file
taking screenshot
screenshot location isD:\getimage\Nilesh Ande.jpeg
this validateUserName completed successfully]]>
    </system-out>
  </testcase> <!-- validateUserName -->
  <system-out>
    <![CDATA[launching browser
reading data mobilenofrom property file
reading data pswfrom property file
thisvalidateUserName method is started
reading data namefrom property file
taking screenshot
screenshot location isD:\getimage\Nilesh Ande.jpeg
this validateUserName completed successfully
closing browser]]>
  </system-out>
</testsuite> <!-- Test.PB_TC_1010_ValidateTest -->
