<?xml version="1.0" encoding="UTF-8"?>
<!-- Generated by org.testng.reporters.JUnitReportReporter -->
<testsuite hostname="Ankit" failures="0" tests="1" name="demo.NewDemo" time="8.182" errors="0" timestamp="2023-07-01T16:21:50 IST" skipped="0">
  <testcase classname="demo.NewDemo" name="f" time="8.182"/>
</testsuite> <!-- demo.NewDemo -->
